<?xml version="1.0" encoding="UTF-8"?>
<testsuite xmlns:xsi="http://www.w3.org/2001/XMLSchema-instance" xsi:noNamespaceSchemaLocation="https://maven.apache.org/surefire/maven-surefire-plugin/xsd/surefire-test-report-3.0.xsd" version="3.0" name="com.example.AppTest" time="0.051" tests="1" errors="0" skipped="0" failures="0">
  <properties>
    <property name="java.specification.version" value="21"/>
    <property name="sun.cpu.isalist" value="amd64"/>
    <property name="sun.jnu.encoding" value="Cp1251"/>
    <property name="java.class.path" value="D:\OneDrive\Робочий стіл\comp367-webapp\target\test-classes;D:\OneDrive\Робочий стіл\comp367-webapp\target\classes;C:\Users\10400\.m2\repository\javax\servlet\javax.servlet-api\4.0.1\javax.servlet-api-4.0.1.jar;C:\Users\10400\.m2\repository\junit\junit\4.13.2\junit-4.13.2.jar;C:\Users\10400\.m2\repository\org\hamcrest\hamcrest-core\1.3\hamcrest-core-1.3.jar;"/>
    <property name="java.vm.vendor" value="Oracle Corporation"/>
    <property name="sun.arch.data.model" value="64"/>
    <property name="user.variant" value=""/>
    <property name="java.vendor.url" value="https://java.oracle.com/"/>
    <property name="user.timezone" value="America/Los_Angeles"/>
    <property name="user.country.format" value="RU"/>
    <property name="os.name" value="Windows 10"/>
    <property name="java.vm.specification.version" value="21"/>
    <property name="sun.java.launcher" value="SUN_STANDARD"/>
    <property name="user.country" value="US"/>
    <property name="sun.boot.library.path" value="C:\Program Files\Java\jdk-21\bin"/>
    <property name="sun.java.command" value="C:\Users\10400\AppData\Local\Temp\surefire10139964209318090079\surefirebooter-20241106181936168_3.jar C:\Users\10400\AppData\Local\Temp\surefire10139964209318090079 2024-11-06T18-19-36_038-jvmRun1 surefire-20241106181936168_1tmp surefire_0-20241106181936168_2tmp"/>
    <property name="jdk.debug" value="release"/>
    <property name="surefire.test.class.path" value="D:\OneDrive\Робочий стіл\comp367-webapp\target\test-classes;D:\OneDrive\Робочий стіл\comp367-webapp\target\classes;C:\Users\10400\.m2\repository\javax\servlet\javax.servlet-api\4.0.1\javax.servlet-api-4.0.1.jar;C:\Users\10400\.m2\repository\junit\junit\4.13.2\junit-4.13.2.jar;C:\Users\10400\.m2\repository\org\hamcrest\hamcrest-core\1.3\hamcrest-core-1.3.jar;"/>
    <property name="sun.cpu.endian" value="little"/>
    <property name="user.home" value="C:\Users\10400"/>
    <property name="user.language" value="en"/>
    <property name="java.specification.vendor" value="Oracle Corporation"/>
    <property name="java.version.date" value="2024-10-15"/>
    <property name="java.home" value="C:\Program Files\Java\jdk-21"/>
    <property name="file.separator" value="\"/>
    <property name="basedir" value="D:\OneDrive\Робочий стіл\comp367-webapp"/>
    <property name="java.vm.compressedOopsMode" value="Zero based"/>
    <property name="line.separator" value="&#10;"/>
    <property name="java.vm.specification.vendor" value="Oracle Corporation"/>
    <property name="java.specification.name" value="Java Platform API Specification"/>
    <property name="surefire.real.class.path" value="C:\Users\10400\AppData\Local\Temp\surefire10139964209318090079\surefirebooter-20241106181936168_3.jar"/>
    <property name="user.script" value=""/>
    <property name="sun.management.compiler" value="HotSpot 64-Bit Tiered Compilers"/>
    <property name="java.runtime.version" value="21.0.5+9-LTS-239"/>
    <property name="user.name" value="10400"/>
    <property name="stdout.encoding" value="Cp1251"/>
    <property name="path.separator" value=";"/>
    <property name="os.version" value="10.0"/>
    <property name="java.runtime.name" value="Java(TM) SE Runtime Environment"/>
    <property name="file.encoding" value="UTF-8"/>
    <property name="java.vm.name" value="Java HotSpot(TM) 64-Bit Server VM"/>
    <property name="localRepository" value="C:\Users\10400\.m2\repository"/>
    <property name="java.vendor.url.bug" value="https://bugreport.java.com/bugreport/"/>
    <property name="java.io.tmpdir" value="C:\Users\10400\AppData\Local\Temp\"/>
    <property name="java.version" value="21.0.5"/>
    <property name="user.dir" value="D:\OneDrive\Робочий стіл\comp367-webapp"/>
    <property name="os.arch" value="amd64"/>
    <property name="java.vm.specification.name" value="Java Virtual Machine Specification"/>
    <property name="user.language.format" value="ru"/>
    <property name="sun.os.patch.level" value=""/>
    <property name="native.encoding" value="Cp1251"/>
    <property name="java.library.path" value="C:\Program Files\Java\jdk-21\bin;C:\Windows\Sun\Java\bin;C:\Windows\system32;C:\Windows;C:\Program Files\Java\jdk-21\bin;C:\Users\10400\.avm\bin;C:\Python312\Scripts\;C:\Python312\;C:\Program Files\Common Files\Oracle\Java\javapath;C:\Program Files (x86)\Common Files\Oracle\Java\javapath;C:\Program Files (x86)\NVIDIA Corporation\PhysX\Common;C:\Program Files (x86)\Common Files\Intel\Shared Libraries\redist\intel64\compiler;X:\VMware\bin\;C:\Windows\system32;C:\Windows;C:\Windows\System32\Wbem;C:\Windows\System32\WindowsPowerShell\v1.0\;C:\Windows\System32\OpenSSH\;C:\Program Files\Microsoft SQL Server\130\Tools\Binn\;D:\Git\Git\cmd;D:\Geth;X:\C++\mingw64\bin;C:\Program Files\dotnet\;C:\ProgramData\chocolatey\bin;C:\Users\10400\AppData\Roaming\nvm;C:\Program Files\nodejs;C:\Users\10400\AppData\Roaming\nvm;X:\mongodb-database-tools-windows-x86_64-100.9.4\bin;X:\xampp\php;C:\ProgramData\ComposerSetup\bin;C:\Program Files (x86)\WinMerge;C:\Python312\Lib\site-packages;X:\apache-maven-3.9.9\bin;C:\Program Files\Java\jdk-21;C:\Program Files\Mullvad VPN\resources;C:\Users\10400\scoop\shims;C:\Users\10400\.local\share\solana\install\active_release\bin;C:\Users\10400\.cargo\bin;D:\Python\Scripts\;D:\Python\;C:\Users\10400\AppData\Local\Microsoft\WindowsApps;D:\PYcharm\PyCharm 2020.3.3\bin;D:\Visual Studio\Microsoft VS Code\bin;C:\Users\10400\AppData\Local\GitHubDesktop\bin;X:\IPFS\IPFS Desktop\resources\app.asar.unpacked\src\ipfs-on-path\scripts\bin-win;C:\Users\10400\.dotnet\tools;X:\WebDrivers;D:\PYcharm\PyCharm 2020.3.3\PyCharm 2023.2\bin;C:\Users\10400\.detaspace\bin;C:\Users\10400\New folder\IntelliJ IDEA Community Edition 2023.2.2\bin;;C:\Program Files\mongosh\;C:\Users\10400\AppData\Roaming\npm;C:\Users\10400\AppData\Roaming\nvm;C:\Program Files\nodejs;C:\Users\10400\AppData\Roaming\Composer\vendor\bin;C:\Users\10400\.avm\bin;;."/>
    <property name="java.vm.info" value="mixed mode, sharing"/>
    <property name="stderr.encoding" value="Cp1251"/>
    <property name="java.vendor" value="Oracle Corporation"/>
    <property name="java.vm.version" value="21.0.5+9-LTS-239"/>
    <property name="sun.io.unicode.encoding" value="UnicodeLittle"/>
    <property name="java.class.version" value="65.0"/>
  </properties>
  <testcase name="testApp" classname="com.example.AppTest" time="0.004"/>
</testsuite>